\BOOKMARK [0][-]{chapter.1}{Einf\374hrung}{}% 1
\BOOKMARK [0][-]{chapter.2}{Installation und Konfiguration der Instanz des csDWH}{}% 2
\BOOKMARK [1][-]{section.2.1}{TDE-Installation}{chapter.2}% 3
\BOOKMARK [1][-]{section.2.2}{TDE-Konfiguration}{chapter.2}% 4
\BOOKMARK [2][-]{subsection.2.2.1}{TDE-Instanz-Dateien}{section.2.2}% 5
\BOOKMARK [2][-]{subsection.2.2.2}{Konfigurationsdateien}{section.2.2}% 6
\BOOKMARK [0][-]{chapter.3}{Struktur des csDWH}{}% 7
\BOOKMARK [1][-]{section.3.1}{Beschreibung}{chapter.3}% 8
\BOOKMARK [1][-]{section.3.2}{Liste der vorhandenen Schemata}{chapter.3}% 9
\BOOKMARK [0][-]{chapter.4}{Nutzung}{}% 10
\BOOKMARK [1][-]{section.4.1}{Start die DB}{chapter.4}% 11
\BOOKMARK [1][-]{section.4.2}{Arbeiten mit csDWH via ssh/psql}{chapter.4}% 12
\BOOKMARK [0][-]{chapter.5}{Backup}{}% 13
\BOOKMARK [1][-]{section.5.1}{Konzept}{chapter.5}% 14
\BOOKMARK [1][-]{section.5.2}{Technische Aspekte}{chapter.5}% 15
\BOOKMARK [0][-]{chapter.6}{Schemata}{}% 16
\BOOKMARK [1][-]{section.6.1}{p21}{chapter.6}% 17
\BOOKMARK [2][-]{subsection.6.1.1}{Tabellen}{section.6.1}% 18
\BOOKMARK [2][-]{subsection.6.1.2}{Views}{section.6.1}% 19
\BOOKMARK [1][-]{section.6.2}{kis}{chapter.6}% 20
\BOOKMARK [2][-]{subsection.6.2.1}{Tabellen}{section.6.2}% 21
\BOOKMARK [1][-]{section.6.3}{pdms}{chapter.6}% 22
\BOOKMARK [2][-]{subsection.6.3.1}{Tabellen}{section.6.3}% 23
\BOOKMARK [1][-]{section.6.4}{gtds}{chapter.6}% 24
\BOOKMARK [2][-]{subsection.6.4.1}{Tabellen}{section.6.4}% 25
\BOOKMARK [1][-]{section.6.5}{centrallab}{chapter.6}% 26
\BOOKMARK [2][-]{subsection.6.5.1}{Tabellen}{section.6.5}% 27
\BOOKMARK [1][-]{section.6.6}{imagic}{chapter.6}% 28
\BOOKMARK [2][-]{subsection.6.6.1}{Tabellen}{section.6.6}% 29
\BOOKMARK [1][-]{section.6.7}{metadata\137repository}{chapter.6}% 30
\BOOKMARK [0][-]{chapter.7}{Benutzer}{}% 31
