\BOOKMARK [0][-]{chapter.1}{Dokumentationsinformationen}{}% 1
\BOOKMARK [1][-]{section.1.1}{Beteiligte Personen und Status}{chapter.1}% 2
\BOOKMARK [1][-]{section.1.2}{\304nderungshistorie}{chapter.1}% 3
\BOOKMARK [0][-]{chapter.2}{Einf\374hrung}{}% 4
\BOOKMARK [0][-]{chapter.3}{Installation und Konfiguration der Instanz des csDWH}{}% 5
\BOOKMARK [1][-]{section.3.1}{TDE-Installation}{chapter.3}% 6
\BOOKMARK [1][-]{section.3.2}{TDE-Konfiguration}{chapter.3}% 7
\BOOKMARK [2][-]{subsection.3.2.1}{TDE-Instanz-Dateien}{section.3.2}% 8
\BOOKMARK [2][-]{subsection.3.2.2}{Konfigurationsdateien}{section.3.2}% 9
\BOOKMARK [0][-]{chapter.4}{Nutzung}{}% 10
\BOOKMARK [1][-]{section.4.1}{Start die DB}{chapter.4}% 11
\BOOKMARK [1][-]{section.4.2}{Arbeiten mit csDWH via ssh/psql}{chapter.4}% 12
\BOOKMARK [0][-]{chapter.5}{Struktur des csDWH}{}% 13
\BOOKMARK [1][-]{section.5.1}{Beschreibung}{chapter.5}% 14
\BOOKMARK [1][-]{section.5.2}{Liste der vorhandenen Schemata}{chapter.5}% 15
\BOOKMARK [0][-]{chapter.6}{Backup}{}% 16
\BOOKMARK [1][-]{section.6.1}{Konzept}{chapter.6}% 17
\BOOKMARK [1][-]{section.6.2}{Technische Aspekte}{chapter.6}% 18
\BOOKMARK [0][-]{chapter.7}{Schemata}{}% 19
\BOOKMARK [1][-]{section.7.1}{p21}{chapter.7}% 20
\BOOKMARK [2][-]{subsection.7.1.1}{Tabellen}{section.7.1}% 21
\BOOKMARK [2][-]{subsection.7.1.2}{Views f\374r Tools}{section.7.1}% 22
\BOOKMARK [1][-]{section.7.2}{kis}{chapter.7}% 23
\BOOKMARK [2][-]{subsection.7.2.1}{Tabellen}{section.7.2}% 24
\BOOKMARK [1][-]{section.7.3}{pdms}{chapter.7}% 25
\BOOKMARK [2][-]{subsection.7.3.1}{Tabellen}{section.7.3}% 26
\BOOKMARK [1][-]{section.7.4}{gtds}{chapter.7}% 27
\BOOKMARK [2][-]{subsection.7.4.1}{Tabellen}{section.7.4}% 28
\BOOKMARK [1][-]{section.7.5}{centrallab}{chapter.7}% 29
\BOOKMARK [2][-]{subsection.7.5.1}{Tabellen}{section.7.5}% 30
\BOOKMARK [1][-]{section.7.6}{imagic}{chapter.7}% 31
\BOOKMARK [2][-]{subsection.7.6.1}{Tabellen}{section.7.6}% 32
\BOOKMARK [1][-]{section.7.7}{metadata\137repository}{chapter.7}% 33
\BOOKMARK [2][-]{subsection.7.7.1}{Tabellen}{section.7.7}% 34
\BOOKMARK [0][-]{chapter.8}{Benutzer}{}% 35
